74010
54147
61266
22470
46929
67120
1965
24537
24618
30978
24490
85701
51618
98241
87096
94159
87999
82909
92892
82012
75047
26305
96341
19611
16612
39388
4911
29741
10411
90283
42609
66311
65620
39530
77358
83955
10944
89939
43507
37871
41644
31886
81759
83308
34240
35812
38897
94168
53721
17609
11733
15850
18943
52578
30850
85701
25412
76566
77056
47124
54147
81759
82423
80125
19601
15850
32207
47270
9668
1876
86508
40158
69121
26307
74930
23408
55705
64670
91436
95866
27192
94213
79124
14428
84954
73751
18466
23285
49139
25561
29323
42921
76566
11547
15850
7760
45562
11620
9216
67120
96414
54467
43574
2266
17654
4641
66921
1876
93859
42659
53721
29763
67843
36644
20471
94785
19171
78021
9027
36589
78330
76728
89415
45953
93406
51262
1178
86493
84355
10376
99826
82012
74497
68374
86459
65232
8859
25561
4286
57139
86771
96018
1847
81759
6153
70836
75726
34012
14069
86658
84284
17130
33944
89851
25914
15001
22999
22632
79357
43342
81169
39944
98374
83955
74930
68066
28555
42005
19631
59878
60729
59663
87094
84543
76035
54998
57112
17609
80125
18348
63834
2097
48504
1847
94320
79463
8270
72323
33240
48902
88815
66768
96022
45562
84429
40298
31809
2294
96504
39596
31958
340
87987
4377
18136
78481
69538
90713
10964
38897
32724
83675
26633
54320
8884
24312
19673
54269
47330
99827
56661
18397
61694
91091
55600
10964
4498
26307
66677
97543
90850
82012
2609
82673
53960
274
72250
73369
66946
41184
46502
61906
27457
34514
47749
47124
12541
1561
37260
27680
17654
51262
26484
30279
77358
83437
67970
22999
44824
66590
19346
93859
74922
5131
1014
46550
71285
97829
48504
94122
2431
29079
74493
73369
86163
98374
93940
59462
35492
79520
89866
95866
79124
75136
52980
816
54611
60518
62157
94159
33692
72323
93286
20400
56151
76566
12569
15329
65509
21058
10138
93350
26452
53656
52496
46139
74493
1847
42392
46017
16259
91436
12129
16612
40992
84243
94845
1387
54030
95152
6267
27308
67999
35812
74930
85255
84429
68518
91091
64344
54030
65402
9389
45315
87294
93770
85102
95257
3724
25914
95149
18351
63011
73803
71598
60608
49068
30279
71497
52227
87404
83215
85701
59561
74497
94191
84355
29763
98472
58557
57790
14079
41631
1897
31582
41858
58134
34865
28470
20737
19112
25412
68564
96414
86508
91839
83308
71285
26307
3714
53432
79806
63405
49661
94168
72355
55600
11337
7358
8157
49633
60608
68564
96018
22221
14769
95257
25561
89939
30608
76766
23672
90850
31886
28443
49645
6325
23285
85495
85701
82909
47536
25059
64809
3771
73751
39127
92385
90958
64829
32492
47749
52336
86287
88180
1177
17083
83104
32376
51262
41746
97827
70908
37570
3778
25426
7733
49006
41328
33093
59383
39139
81759
9215
74930
43634
62609
75136
79520
94122
6911
27680
50986
67825
72323
36024
42354
88914
39010
82213
23045
33884
71236
2294
5716
27508
84284
18136
66946
26690
31040
38949
8223
29147
20388
88105
59383
59271
60856
19171
10376
12425
94967
76824
21051
19673
94159
95786
14428
43390
3771
3731
81169
70862
31615
36653
4377
89740
81716
24393
72415
18466
32111
74600
93593
85787
81746
58807
19112
23504
35807
81746
70836
60295
39596
73876
45953
19874
61071
66768
6798
51060
22708
155
26690
76914
76582
3021
45372
65508
92998
94609
56384
56675
2876
18561
50405
86163
25978
96230
39767
51302
8223
17653
31615
49769
47749
98919
64032
33944
64406
60729
57791
65620
92307
86658
16152
65620
42213
8677
95044
14883
23659
94408
94990
90260
23672
72323
97994
59535
42005
95149
34890
96504
14744
40992
56294
97543
24393
84355
48202
57292
78817
40158
33270
27009
53969
39834
6911
59320
81362
11689
71497
22261
35436
78246
9035
18136
23629
91837
10138
74497
79124
99916
94191
74041
70351
39589
89866
75193
74063
22261
46590
64835
93406
19851
39058
80863
54526
1178
50405
67111
63186
93271
90713
2876
94447
47463
13606
99057
29147
12541
13692
28532
6568
66180
84890
12425
4574
34240
83118
67455
23629
90771
22649
15329
44420
50438
40158
33480
49358
45533
92478
11547
23794
32321
6325
31601
94955
87226
90713
36286
10138
26690
94213
46250
78598
10944
87942
52448
30074
19851
75488
63186
50596
39388
63473
50986
37240
61306
80946
47076
60774
69688
25667
31808
89588
54998
45698
2436
59944
98357
18114
26579
91455
78330
29672
20605
44642
52186
82135
41123
92478
71564
94168
93859
64707
28592
47076
77931
19673
22059
10944
13742
4377
43634
75517
93838
96952
41854
81759
10291
82135
96693
39374
29048
948
34012
52578
7760
56920
13692
59494
88329
74010
12425
15579
80125
18397
4641
17653
61266
9242
57925
98919
40069
91063
39589
89415
48275
76350
6798
69136
40681
24864
29655
46205
69538
60374
34452
44824
60014
73148
36898
94990
81746
31886
30608
6562
31808
24749
7336
60109
78132
56581
71236
89084
34890
48504
4710
29655
53151
37871
89415
27680
87094
31582
52239
98919
83558
57292
80826
78523
2140
54059
70311
66296
74010
49484
36965
65232
28812
54059
89588
49139
65436
54137
22649
72355
68518
98462
2431
19673
9027
1506
63251
54147
36161
39127
57548
30074
18351
17550
8683
23672
29147
50383
59878
84429
65620
16334
21401
89084
17654
3995
52448
86163
11618
27009
31537
86508
80863
91821
9616
72377
79520
32613
15502
24220
37735
19112
71497
47927
62157
90537
32381
8223
32606
97829
27727
11547
99057
71453
28007
54160
88815
51331
53104
14883
56661
79520
86780
56675
78132
96504
78991
30563
43968
98357
93275
75744
23389
45953
63249
64406
83868
34865
64344
38975
36797
77363
65183
629
98009
39589
49068
92478
39815
56661
46499
65047
8683
16187
40069
59723
59271
46205
61472
95488
93947
36898
34107
96022
41644
19601
30239
93263
87872
35566
61694
22709
58548
93572
87681
95152
63186
33884
16724
87890
59723
23504
75047
90615
78598
70513
93940
46613
66286
35436
21796
72250
52980
20268
74769
22649
55372
19866
47066
4969
30487
33047
94845
65148
23137
51427
97543
26880
59042
58807
53563
51511
50618
81109
35053
34107
49848
50438
8499
17589
9035
49848
5343
4428
43968
50893
71716
24000
35566
16313
97858
3770
8954
3425
83437
54764
62436
96833
56384
3770
40170
87999
15472
45962
93940
67225
32080
24716
94472
70862
40681
44386
816
97048
92731
7760
7085
44467
51036
69494
30608
75080
70836
58620
11620
50252
89939
67325
75726
76873
99544
7733
12569
48151
98421
91377
86163
56968
79876
68352
48504
63224
78330
34235
10944
41954
10944
2436
6307
98065
23312
35476
22494
75488
61299
20945
23312
90891
47749
29323
81668
95488
83955
95488
96292
12939
13511
9940
83883
2106
88802
10964
77241
94191
97367
60774
70022
73088
83133
92092
54764
64091
72287
31808
14428
3268
7733
52186
46929
67798
14796
4269
83925
46590
11495
56661
1506
70908
90596
12191
70912
9963
78021
52578
47463
84429
30678
4269
8980
98783
57428
356
14428
35476
30279
30279
36416
12569
24026
93487
43251
90011
19601
24663
43968
71987
3490
60014
95993
90456
8677
4964
10136
91091
11620
25163
70804
33884
61235
26880
53432
21201
29350
16982
46621
18247
9649
91296
42392
22837
45090
88759
66434
30559
45936
94947
44824
37594
55756
2609
75080
28525
53418
9668
69654
37324
53344
65148
47681
4483
7644
88914
93865
15440
22059
91002
56675
87942
93572
3425
61073
15001
48070
96
77241
10105
99544
87707
32080
17935
17654
34794
99891
67322
59462
23672
46017
30608
31334
52578
64300
71769
6562
55756
24453
93572
68043
94447
93147
92747
41161
97827
89939
70052
29283
36797
61000
28423
72415
61306
70351
4641
51935
61235
32381
20471
71757
53432
66920
20076
44642
43574
16334
26305
61884
46780
41468
23672
75706
25163
69730
49366
72936
84273
37324
85106
65148
41317
40992
74699
36786
10346
29718
30746
49119
75136
44933
66011
68097
19112
9389
9668
14252
99916
87872
35459
13511
19407
83868
55372
77240
79559
13742
26617
37999
46621
9778
4935
74922
99995
11100
80681
70513
76035
3770
97381
9649
5343
8473
33182
35166
87349
73207
61947
7404
49229
57112
63224
36024
55142
10138
7095
63186
75160
20428
84273
73839
49848
15197
64091
95649
78741
80462
56870
89090
98659
60014
11624
54764
49306
94472
17042
75744
55705
145
3070
29048
9389
23368
18024
64399
39596
43251
63795
94447
95326
27160
74769
76366
40158
30366
85506
70779
13606
60089
1058
35498
89090
13320
92922
67608
37871
14176
56294
78484
37737
61299
8784
35812
87872
66183
37871
31886
27192
24220
56581
65436
70862
47174
23389
66183
82213
21092
23387
83118
56920
16889
95786
6095
5946
70616
16187
45776
39978
48823
96833
44396
69730
73803
70225
54467
7319
13419
56870
23161
90260
65237
15329
68830
26690
40069
88972
6546
72415
64803
23008
41551
76574
67843
88329
80195
53389
22749
49576
49006
23312
27658
94335
92918
82234
90891
11472
95641
54160
72799
30366
92034
24749
53960
263
99787
73388
69353
4969
63473
85701
68165
12518
89588
46869
20206
78246
15074
20368
41131
37780
97268
11809
41316
59089
71904
75479
87707
7786
95152
23368
88329
31601
46502
72287
11495
49723
46590
49769
43884
93487
11809
79354
35585
80125
59543
37871
29048
49661
39388
68941
29497
41640
35543
49040
30746
80462
87872
13241
5716
77119
62157
41860
76487
68453
25472
21051
82971
60392
67150
1309
28007
70442
69981
69691
21382
80633
90537
49013
76487
52329
26265
91063
816
50405
1309
38640
82823
62232
53523
70779
67667
78481
17654
7336
49576
67306
48202
54056
85529
40787
52336
54320
11762
11100
65914
63224
53344
23008
27570
68165
67150
22544
64120
24618
79515
6828
6848
66631
62706
59543
25643
83868
57791
16612
79806
58862
95257
35820
42609
54380
9745
6810
54030
90316
85529
15440
8784
39388
78839
6597
80826
19881
28470
27160
98146
88759
80462
43017
80826
11147
75928
16803
89062
66394
11090
5389
79861
33692
72287
54467
47108
38141
27308
45395
88453
93838
25059
71615
92606
85701
56099
8683
1155
67851
2562
67819
84890
19954
32283
60014
60295
155
58093
77983
2431
76258
74493
21728
93865
6798
63033
34031
54929
42336
37324
68185
3021
85899
40251
15850
4428
61567
76647
22059
60856
37853
93969
68097
22366
29672
52077
22366
36371
52674
73751
3731
3731
88889
31615
71987
5825
38013
1915
76647
21606
3676
65509
6031
21058
41124
1506
45038
93147
82578
3379
31780
13365
26346
36161
71236
23899
41847
76035
20416
85029
46780
10105
72562
47108
41699
89740
13606
67209
93947
19457
60729
96504
49044
24000
10964
23387
82823
21728
19601
11839
60089
63405
59535
49439
13342
99826
14800
79082
88088
36898
57106
46590
92212
94213
57292
90958
92307
34031
98473
91220
9925
55219
23137
47569
31808
81796
27680
10376
87226
27160
41746
80362
11100
74574
39420
6267
79569
19866
82206
53563
54365
99891
60083
13660
59663
89166
11105
33845
67843
78330
8608
49044
28461
67970
16152
9925
30608
65427
29672
96504
80826
31780
21866
30700
78132
40663
99304
97818
4939
48517
45080
64596
59919
82135
53432
93275
348
85785
99828
51257
68110
3770
40983
95993
57105
13680
74041
89485
62591
29665
94552
52227
54555
40158
68165
61736
40845
87890
56384
79652
45196
79367
56099
79652
17208
72396
67322
86724
35459
43787
65047
60083
14039
42659
84760
27308
8499
54541
92478
78021
17518
86153
46119
20400
63249
89488
42218
35989
19457
43251
66946
63620
54475
98603
66
49723
85029
32176
70022
55058
83118
17208
52227
50986
7232
17503
87762
47108
3978
43233
34865
89488
73088
30660
94785
61863
37643
83118
15074
58093
14628
94715
46290
73614
17042
35345
68941
79354
35498
51502
5131
18567
46661
69165
44358
47066
41858
35538
54555
69682
14796
75684
37578
25978
5131
6325
4363
94690
35459
24566
59919
71413
89277
62069
17518
61806
28876
16225
50918
10722
2441
76611
36898
1940
32613
7076
50831
18943
71598
27009
48275
39039
56870
71453
56167
82747
71305
31526
62175
65436
54634
26933
80975
26432
90891
45533
66977
81668
32526
33570
94955
60884
7367
24312
3978
3676
69026
70540
57112
96526
58283
90537
35345
11066
86023
38246
19112
25881
4710
41304
94774
46250
46613
8607
33570
60856
6095
64035
37871
37652
93593
26265
70351
16248
63812
44561
93487
94774
79149
13241
60109
60014
99787
14039
2488
9268
30678
95152
10635
42659
49040
46219
7319
35492
76168
21058
15329
66193
61906
35135
95791
63163
13342
35539
6911
66631
64105
78707
26690
50831
92892
9027
93390
54764
47270
64842
42221
2266
15058
41860
18163
46780
52980
79515
60301
18309
85680
37240
53151
76750
9121
91859
93483
2140
45196
80753
4363
67322
94609
74600
30947
79520
58283
61694
11016
30747
11781
79556
91063
23008
3298
30089
10944
83933
83788
11547
7095
49358
55124
10914
16624
50918
55210
67111
61879
11897
43374
71229
80012
17653
15440
41621
55286
52886
2609
9268
31016
8813
76222
41854
71285
93326
73518
54292
70002
10847
66183
16240
99916
20809
54523
2097
95824
6267
74848
38842
45698
43342
64635
13857
53151
5131
13704
58338
67150
21796
49633
13971
66643
3731
61342
24026
68066
30690
51184
4426
96018
348
36671
83560
30078
94765
74054
45006
23137
44598
40192
76728
59882
11016
49484
58093
41621
59042
11618
4741
60139
32993
70107
71716
40298
82775
36901
67664
44824
39223
60712
27192
56920
51714
75706
20950
39486
86023
24315
10495
54610
61947
73787
57292
73954
72949
3240
76574
87457
15502
25163
38975
55705
48506
93593
46413
44267
19112
98009
57428
58557
80641
35477
62157
24143
49358
14800
55485
39127
83284
883
65509
84349
79357
95286
26880
66090
48912
34012
24520
72077
55661
73803
56968
91377
13395
58093
6267
38819
67053
77056
92918
63293
64829
26305
80946
31809
12112
80362
56151
26305
93150
19112
71138
52980
11547
56972
64326
63405
68025
96018
34240
62933
62706
12939
6911
33386
38013
70052
94761
73751
20737
77008
37240
30279
1646
13857
9901
52886
75080
16316
76566
62851
47681
10376
41561
42503
26095
61567
75939
51935
27360
70836
88453
15782
95760
76647
34514
58825
91688
12114
79463
30609
14926
53344
42221
94213
82234
24930
41977
65509
52886
95488
37737
74930
88378
82797
62851
84109
52959
25667
41540
4911
8859
71287
65049
16680
57946
30842
92164
73518
41858
52374
38819
27658
47044
31886
61863
13857
43884
82721
32466
77931
25634
28525
37864
17744
66643
56384
11937
49397
19874
5131
65345
84758
11383
56693
23408
83883
62157
83560
35028
13721
78707
71705
21201
6798
7190
11781
11272
57790
931
14983
8499
35436
93862
13176
23672
18348
4517
49610
51618
9280
92164
71904
64406
18561
10105
38802
52512
38840
74521
47091
85358
71936
48269
78484
62540
17550
71305
88914
9044
60884
47463
98009
34641
98415
78481
71236
94955
14983
97174
28894
49366
32668
11383
28403
56870
73035
68888
2436
28461
87294
4710
74599
78780
79559
25472
10827
69688
36797
24520
95257
93516
22366
78598
23899
30655
6911
35540
35824
6477
46613
4377
40845
35255
45038
72287
38343
98846
20471
2431
89166
90533
20416
85687
56861
32724
86123
53418
24160
77363
47569
79011
44496
11234
35476
19294
89574
99256
89030
71615
94335
15703
77407
21866
57126
50893
33772
11839
47076
38846
67127
6546
9044
9963
11937
35585
72323
24393
4772
34940
86163
28777
68453
63186
43211
6791
30842
67322
9745
74116
48386
51996
7067
82135
84355
91091
92385
14695
10235
88917
12586
46661
51991
60846
39767
31537
44438
17674
39139
55910
94472
20206
5825
11762
13320
34890
23504
17589
39337
70698
97829
52227
82678
2431
33692
1905
8608
7076
92615
49494
45006
91988
76470
9963
9649
19601
4188
87934
27812
89740
82423
87987
94818
6307
81759
27508
71848
74497
52336
77119
90260
58600
17995
18397
35781
14069
86991
67120
22221
36797
33289
59551
54555
94845
3676
53969
85229
15448
84936
9034
48269
89014
34912
56661
40469
14309
92115
23238
8784
24453
61071
10940
61694
17654
19866
87171
6257
5798
70022
47678
55663
44996
93947
92731
87349
71852
44420
71367
75684
69165
99826
22649
27258
35198
77727
71287
31526
19601
76349
43251
65509
54380
81014
96018
87987
94794
81668
5131
46312
16612
45126
36811
79082
7232
47989
38601
54764
20176
39058
2294
54526
26307
84429
41924
8382
82211
57548
1526
95786
68622
19913
60822
85102
54764
15251
34247
69121
31716
52020
10944
48593
79367
79515
15001
78598
68888
60224
88759
49848
25634
4363
4537
75706
65379
33080
78928
19927
5952
38833
40681
49551
46929
86163
99338
30947
76365
96
97191
95894
1448
23148
65926
42488
48675
23389
1301
24000
66651
46430
91002
37737
91015
92237
89052
23008
25028
10691
81715
54526
1937
35327
61266
83632
43587
30700
43233
7726
69682
67612
56911
44386
84387
86713
67127
38536
64776
98883
1897
60608
47463
380
42643
21831
57480
57925
22220
49306
6381
98439
63620
49864
76168
60110
91195
62069
3349
55485
33845
30850
32025
45533
59336
73803
7760
24731
20880
8954
95653
41699
3676
6810
67325
90915
11374
27658
63120
65181
63994
71799
59595
60759
6925
19346
9668
90958
15850
64373
65509
67455
91388
83514
77703
89084
71398
42151
34794
17674
91859
63163
54859
78645
13857
53185
62157
43343
28461
78670
64670
31958
12187
47070
54056
97915
1945
2056
46869
52512
78645
80243
93862
22088
87122
93286
77703
93947
17654
79946
4498
11605
19631
49779
8270
2294
94845
27429
36116
22183
62526
41184
98065
1058
24560
92918
46205
93196
79109
29147
72250
39834
17706
5277
30747
33422
86450
51302
95906
97095
75679
94774
70133
93743
4548
51831
45677
76441
79806
57780
45315
92576
65809
92092
83856
71138
55756
22811
56317
76645
43634
19601
61546
71287
75679
13395
64670
37570
32381
16724
91821
70698
65799
91788
40170
59543
7726
43211
4548
93969
62521
3349
23634
3461
16837
56661
36589
41858
67574
26851
49332
